Build started 5/8/2013 2:20:10 PM.
Project "Z:\cscheide On My Mac\Documents\Goldenrod Engine\Goldenrod Engine\Goldenrod Engine.vcxproj" on node 2 (build target(s)).
InitializeBuildStatus:
  Creating "Debug\Goldenrod Engine.unsuccessfulbuild" because "AlwaysCreate" was specified.
ClCompile:
  C:\Program Files (x86)\Microsoft Visual Studio 10.0\VC\bin\CL.exe /c /ZI /nologo /W3 /WX- /Od /Oy- /D _MBCS /Gm /EHsc /RTC1 /MDd /GS /fp:precise /Zc:wchar_t /Zc:forScope /Fo"Debug\\" /Fd"Debug\vc100.pdb" /Gd /TP /analyze- /errorReport:prompt component.cpp cup.cpp entity.cpp fileiocontroller.cpp gamecontroller.cpp gameobject.cpp main.cpp shape.cpp level.cpp system.cpp tee.cpp tile.cpp tileborder.cpp time.cpp Tokenizer.cpp VBO.cpp
  VBO.cpp
  Tokenizer.cpp
  time.cpp
  tileborder.cpp
  tile.cpp
  tee.cpp
  system.cpp
z:\cscheide on my mac\documents\goldenrod engine\goldenrod engine\system.cpp(17): warning C4018: '<' : signed/unsigned mismatch
  level.cpp
z:\cscheide on my mac\documents\goldenrod engine\goldenrod engine\level.cpp(74): warning C4018: '<' : signed/unsigned mismatch
z:\cscheide on my mac\documents\goldenrod engine\goldenrod engine\level.cpp(164): warning C4018: '<' : signed/unsigned mismatch
z:\cscheide on my mac\documents\goldenrod engine\goldenrod engine\level.cpp(182): warning C4018: '<' : signed/unsigned mismatch
z:\cscheide on my mac\documents\goldenrod engine\goldenrod engine\level.cpp(198): warning C4018: '>' : signed/unsigned mismatch
z:\cscheide on my mac\documents\goldenrod engine\goldenrod engine\level.cpp(201): warning C4018: '>' : signed/unsigned mismatch
z:\cscheide on my mac\documents\goldenrod engine\goldenrod engine\level.cpp(233): warning C4018: '<' : signed/unsigned mismatch
z:\cscheide on my mac\documents\goldenrod engine\goldenrod engine\level.cpp(241): warning C4018: '<' : signed/unsigned mismatch
  shape.cpp
z:\cscheide on my mac\documents\goldenrod engine\goldenrod engine\shape.cpp(29): warning C4018: '<' : signed/unsigned mismatch
z:\cscheide on my mac\documents\goldenrod engine\goldenrod engine\shape.cpp(38): warning C4018: '<' : signed/unsigned mismatch
z:\cscheide on my mac\documents\goldenrod engine\goldenrod engine\shape.cpp(46): warning C4018: '<' : signed/unsigned mismatch
z:\cscheide on my mac\documents\goldenrod engine\goldenrod engine\shape.cpp(56): warning C4018: '<' : signed/unsigned mismatch
z:\cscheide on my mac\documents\goldenrod engine\goldenrod engine\shape.cpp(68): warning C4018: '<' : signed/unsigned mismatch
z:\cscheide on my mac\documents\goldenrod engine\goldenrod engine\shape.cpp(97): warning C4018: '<' : signed/unsigned mismatch
z:\cscheide on my mac\documents\goldenrod engine\goldenrod engine\shape.cpp(108): warning C4018: '<' : signed/unsigned mismatch
z:\cscheide on my mac\documents\goldenrod engine\goldenrod engine\shape.cpp(120): warning C4018: '<' : signed/unsigned mismatch
z:\cscheide on my mac\documents\goldenrod engine\goldenrod engine\shape.cpp(136): warning C4018: '<' : signed/unsigned mismatch
  main.cpp
z:\cscheide on my mac\documents\goldenrod engine\goldenrod engine\main.cpp(17): warning C4067: unexpected tokens following preprocessor directive - expected a newline
z:\cscheide on my mac\documents\goldenrod engine\goldenrod engine\gl\glui.h(878): warning C4244: 'argument' : conversion from 'double' to 'GLfloat', possible loss of data
z:\cscheide on my mac\documents\goldenrod engine\goldenrod engine\gl\glui.h(878): warning C4244: 'argument' : conversion from 'double' to 'GLfloat', possible loss of data
  gameobject.cpp
  gamecontroller.cpp
  fileiocontroller.cpp
z:\cscheide on my mac\documents\goldenrod engine\goldenrod engine\fileiocontroller.cpp(114): warning C4244: '=' : conversion from 'double' to 'float', possible loss of data
z:\cscheide on my mac\documents\goldenrod engine\goldenrod engine\fileiocontroller.cpp(115): warning C4244: '=' : conversion from 'double' to 'float', possible loss of data
z:\cscheide on my mac\documents\goldenrod engine\goldenrod engine\fileiocontroller.cpp(116): warning C4244: '=' : conversion from 'double' to 'float', possible loss of data
z:\cscheide on my mac\documents\goldenrod engine\goldenrod engine\fileiocontroller.cpp(137): warning C4244: 'initializing' : conversion from 'double' to 'float', possible loss of data
z:\cscheide on my mac\documents\goldenrod engine\goldenrod engine\fileiocontroller.cpp(138): warning C4244: 'initializing' : conversion from 'double' to 'float', possible loss of data
z:\cscheide on my mac\documents\goldenrod engine\goldenrod engine\fileiocontroller.cpp(139): warning C4244: 'initializing' : conversion from 'double' to 'float', possible loss of data
z:\cscheide on my mac\documents\goldenrod engine\goldenrod engine\fileiocontroller.cpp(150): warning C4244: 'initializing' : conversion from 'double' to 'float', possible loss of data
z:\cscheide on my mac\documents\goldenrod engine\goldenrod engine\fileiocontroller.cpp(151): warning C4244: 'initializing' : conversion from 'double' to 'float', possible loss of data
z:\cscheide on my mac\documents\goldenrod engine\goldenrod engine\fileiocontroller.cpp(152): warning C4244: 'initializing' : conversion from 'double' to 'float', possible loss of data
  entity.cpp
z:\cscheide on my mac\documents\goldenrod engine\goldenrod engine\entity.cpp(26): warning C4018: '<' : signed/unsigned mismatch
z:\cscheide on my mac\documents\goldenrod engine\goldenrod engine\entity.cpp(44): warning C4018: '<' : signed/unsigned mismatch
  cup.cpp
  component.cpp
  Generating Code...
Link:
  C:\Program Files (x86)\Microsoft Visual Studio 10.0\VC\bin\link.exe /ERRORREPORT:PROMPT /OUT:"Z:\cscheide On My Mac\Documents\Goldenrod Engine\Debug\Goldenrod Engine.exe" /NOLOGO freeglut.lib glew32.lib glew32mx.lib glew32mxs.lib glew32s.lib glui32.lib kernel32.lib user32.lib gdi32.lib winspool.lib comdlg32.lib advapi32.lib shell32.lib ole32.lib oleaut32.lib uuid.lib odbc32.lib odbccp32.lib /MANIFEST /ManifestFile:"Debug\Goldenrod Engine.exe.intermediate.manifest" /MANIFESTUAC:"level='asInvoker' uiAccess='false'" /DEBUG /PDB:"Z:\cscheide On My Mac\Documents\Goldenrod Engine\Debug\Goldenrod Engine.pdb" /TLBID:1 /DYNAMICBASE /NXCOMPAT /IMPLIB:"Z:\cscheide On My Mac\Documents\Goldenrod Engine\Debug\Goldenrod Engine.lib" /MACHINE:X86 Debug\component.obj
  Debug\cup.obj
  Debug\entity.obj
  Debug\fileiocontroller.obj
  Debug\gamecontroller.obj
  Debug\gameiocontroller.obj
  Debug\gameobject.obj
  Debug\main.obj
  Debug\shape.obj
  Debug\level.obj
  Debug\shader.obj
  Debug\system.obj
  Debug\tee.obj
  Debug\tile.obj
  Debug\tileborder.obj
  Debug\time.obj
  Debug\Tokenizer.obj
  Debug\VBO.obj
  LINK : Z:\cscheide On My Mac\Documents\Goldenrod Engine\Debug\Goldenrod Engine.exe not found or not built by the last incremental link; performing full link
  Goldenrod Engine.vcxproj -> Z:\cscheide On My Mac\Documents\Goldenrod Engine\Debug\Goldenrod Engine.exe
Manifest:
  C:\Program Files (x86)\Microsoft SDKs\Windows\v7.0A\bin\mt.exe /nologo /verbose /outputresource:"Z:\cscheide On My Mac\Documents\Goldenrod Engine\Debug\Goldenrod Engine.exe;#1" /manifest "Debug\Goldenrod Engine.exe.intermediate.manifest"
FinalizeBuildStatus:
  Deleting file "Debug\Goldenrod Engine.unsuccessfulbuild".
  Touching "Debug\Goldenrod Engine.lastbuildstate".
Done Building Project "Z:\cscheide On My Mac\Documents\Goldenrod Engine\Goldenrod Engine\Goldenrod Engine.vcxproj" (build target(s)).

Build succeeded.

Time Elapsed 00:01:11.47
